--- STDOUT ---
using safetensor as default
Downloading: "https://github.com/xinntao/facexlib/releases/download/v0.1.0/alignment_WFLW_4HG.pth" to D:\Apps\Smart News Marathi\backend\SadTalker\gfpgan\weights\alignment_WFLW_4HG.pth


--- STDERR ---

  0%|          | 0.00/185M [00:00<?, ?B/s]
  0%|          | 224k/185M [00:00<01:28, 2.18MB/s]
  1%|          | 960k/185M [00:00<00:37, 5.15MB/s]
  1%|          | 1.67M/185M [00:00<00:30, 6.24MB/s]
  1%|1         | 2.56M/185M [00:00<00:26, 7.32MB/s]
  2%|1         | 3.47M/185M [00:00<00:26, 7.17MB/s]
  2%|2         | 4.58M/185M [00:00<00:22, 8.44MB/s]
  3%|3         | 5.56M/185M [00:00<00:20, 8.96MB/s]
  3%|3         | 6.43M/185M [00:01<00:30, 6.14MB/s]
  4%|3         | 7.13M/185M [00:01<00:33, 5.62MB/s]
  4%|4         | 7.75M/185M [00:01<00:37, 4.90MB/s]
  4%|4         | 8.28M/185M [00:01<00:44, 4.11MB/s]
  5%|4         | 8.73M/185M [00:01<00:45, 4.07MB/s]
  5%|4         | 9.16M/185M [00:01<00:47, 3.86MB/s]
  5%|5         | 9.56M/185M [00:01<00:48, 3.81MB/s]
  5%|5         | 9.95M/185M [00:02<00:48, 3.77MB/s]
  6%|5         | 10.3M/185M [00:02<00:49, 3.72MB/s]
  6%|5         | 10.7M/185M [00:02<00:48, 3.74MB/s]
  6%|5         | 11.1M/185M [00:02<00:49, 3.65MB/s]
  6%|6         | 11.4M/185M [00:02<00:49, 3.64MB/s]
  6%|6         | 11.8M/185M [00:02<00:48, 3.74MB/s]
  7%|6         | 12.2M/185M [00:02<00:50, 3.57MB/s]
  7%|6         | 12.6M/185M [00:02<00:48, 3.73MB/s]
  7%|7         | 13.0M/185M [00:02<00:46, 3.84MB/s]
  7%|7         | 13.4M/185M [00:03<00:46, 3.89MB/s]
  7%|7         | 13.8M/185M [00:03<00:48, 3.68MB/s]
  8%|7         | 14.1M/185M [00:03<00:56, 3.15MB/s]
  8%|7         | 14.4M/185M [00:03<01:02, 2.86MB/s]
  8%|7         | 14.7M/185M [00:03<01:05, 2.70MB/s]
  8%|8         | 15.0M/185M [00:03<01:09, 2.54MB/s]
  8%|8         | 15.3M/185M [00:03<01:09, 2.56MB/s]
  8%|8         | 15.5M/185M [00:03<01:12, 2.45MB/s]
  9%|8         | 15.8M/185M [00:04<01:12, 2.44MB/s]
  9%|8         | 16.0M/185M [00:04<01:18, 2.24MB/s]
  9%|8         | 16.2M/185M [00:04<01:18, 2.24MB/s]
  9%|8         | 16.5M/185M [00:04<01:17, 2.26MB/s]
  9%|9         | 16.7M/185M [00:04<01:18, 2.26MB/s]
  9%|9         | 17.0M/185M [00:04<01:13, 2.39MB/s]
  9%|9         | 17.3M/185M [00:04<01:11, 2.47MB/s]
 10%|9         | 17.5M/185M [00:04<01:09, 2.51MB/s]
 10%|9         | 17.8M/185M [00:04<01:09, 2.51MB/s]
 10%|9         | 18.1M/185M [00:05<01:06, 2.62MB/s]
 10%|9         | 18.4M/185M [00:05<01:04, 2.72MB/s]
 10%|#         | 18.6M/185M [00:05<01:04, 2.69MB/s]
 10%|#         | 18.9M/185M [00:05<01:03, 2.72MB/s]
 10%|#         | 19.2M/185M [00:05<01:04, 2.70MB/s]
 11%|#         | 19.6M/185M [00:05<01:02, 2.75MB/s]
 11%|#         | 19.9M/185M [00:05<00:59, 2.91MB/s]
 11%|#         | 20.2M/185M [00:05<00:56, 3.05MB/s]
 11%|#1        | 20.5M/185M [00:05<00:58, 2.93MB/s]
 11%|#1        | 20.8M/185M [00:06<00:56, 3.05MB/s]
 11%|#1        | 21.2M/185M [00:06<00:51, 3.30MB/s]
 12%|#1        | 21.6M/185M [00:06<00:53, 3.17MB/s]
 12%|#1        | 21.9M/185M [00:06<00:56, 3.04MB/s]
 12%|#2        | 22.3M/185M [00:06<00:53, 3.16MB/s]
 12%|#2        | 22.6M/185M [00:06<00:53, 3.19MB/s]
 12%|#2        | 22.9M/185M [00:06<01:00, 2.79MB/s]
 13%|#2        | 23.4M/185M [00:06<00:52, 3.23MB/s]
 13%|#2        | 23.8M/185M [00:06<00:47, 3.54MB/s]
 13%|#3        | 24.1M/185M [00:07<00:49, 3.38MB/s]
 13%|#3        | 24.5M/185M [00:07<00:49, 3.40MB/s]
 13%|#3        | 24.8M/185M [00:07<00:48, 3.44MB/s]
 14%|#3        | 25.2M/185M [00:07<00:48, 3.44MB/s]
 14%|#3        | 25.5M/185M [00:07<00:51, 3.26MB/s]
 14%|#3        | 25.8M/185M [00:07<00:56, 2.97MB/s]
 14%|#4        | 26.2M/185M [00:07<00:52, 3.18MB/s]
 14%|#4        | 26.6M/185M [00:07<00:49, 3.35MB/s]
 15%|#4        | 26.9M/185M [00:07<00:52, 3.15MB/s]
 15%|#4        | 27.3M/185M [00:08<00:48, 3.38MB/s]
 15%|#4        | 27.6M/185M [00:08<00:49, 3.36MB/s]
 15%|#5        | 28.0M/185M [00:08<00:48, 3.40MB/s]
 15%|#5        | 28.4M/185M [00:08<00:47, 3.48MB/s]
 16%|#5        | 28.8M/185M [00:08<00:43, 3.78MB/s]
 16%|#5        | 29.2M/185M [00:08<00:44, 3.69MB/s]
 16%|#6        | 29.6M/185M [00:08<00:43, 3.77MB/s]
 16%|#6        | 30.0M/185M [00:08<00:42, 3.78MB/s]
 16%|#6        | 30.4M/185M [00:08<00:41, 3.87MB/s]
 17%|#6        | 30.7M/185M [00:09<00:41, 3.89MB/s]
 17%|#6        | 31.1M/185M [00:09<00:42, 3.81MB/s]
 17%|#7        | 31.5M/185M [00:09<00:41, 3.82MB/s]
 17%|#7        | 31.9M/185M [00:09<00:44, 3.63MB/s]
 17%|#7        | 32.2M/185M [00:09<00:44, 3.57MB/s]
 18%|#7        | 32.6M/185M [00:09<00:43, 3.64MB/s]
 18%|#7        | 33.0M/185M [00:09<00:42, 3.71MB/s]
 18%|#8        | 33.4M/185M [00:09<00:41, 3.86MB/s]
 18%|#8        | 33.8M/185M [00:09<00:41, 3.80MB/s]
 19%|#8        | 34.2M/185M [00:09<00:39, 4.01MB/s]
 19%|#8        | 34.6M/185M [00:10<00:38, 4.04MB/s]
 19%|#8        | 35.0M/185M [00:10<00:39, 3.97MB/s]
 19%|#9        | 35.4M/185M [00:10<00:39, 3.97MB/s]
 19%|#9        | 35.8M/185M [00:10<00:40, 3.86MB/s]
 20%|#9        | 36.2M/185M [00:10<00:41, 3.72MB/s]
 20%|#9        | 36.7M/185M [00:10<00:39, 3.97MB/s]
 20%|##        | 37.1M/185M [00:10<00:36, 4.20MB/s]
 20%|##        | 37.6M/185M [00:10<00:37, 4.06MB/s]
 21%|##        | 38.0M/185M [00:10<00:37, 4.08MB/s]
 21%|##        | 38.4M/185M [00:11<00:35, 4.28MB/s]
 21%|##1       | 38.9M/185M [00:11<00:35, 4.31MB/s]
 21%|##1       | 39.3M/185M [00:11<00:34, 4.40MB/s]
 22%|##1       | 39.8M/185M [00:11<00:34, 4.45MB/s]
 22%|##1       | 40.2M/185M [00:11<00:33, 4.53MB/s]
 22%|##2       | 40.7M/185M [00:11<00:31, 4.72MB/s]
 22%|##2       | 41.2M/185M [00:11<00:31, 4.73MB/s]
 23%|##2       | 41.6M/185M [00:11<00:32, 4.62MB/s]
 23%|##2       | 42.2M/185M [00:11<00:30, 4.89MB/s]
 23%|##3       | 42.7M/185M [00:12<00:29, 4.97MB/s]
 23%|##3       | 43.2M/185M [00:12<00:29, 5.04MB/s]
 24%|##3       | 43.7M/185M [00:12<00:35, 4.15MB/s]
 24%|##3       | 44.1M/185M [00:12<00:39, 3.70MB/s]
 24%|##4       | 44.5M/185M [00:12<00:55, 2.65MB/s]
 24%|##4       | 44.8M/185M [00:13<01:20, 1.81MB/s]
 24%|##4       | 45.0M/185M [00:13<01:36, 1.51MB/s]
 24%|##4       | 45.2M/185M [00:13<01:42, 1.42MB/s]
 25%|##4       | 45.4M/185M [00:13<01:45, 1.38MB/s]
 25%|##4       | 45.5M/185M [00:13<01:45, 1.38MB/s]
 25%|##4       | 45.7M/185M [00:13<01:48, 1.34MB/s]
 25%|##4       | 45.9M/185M [00:14<01:45, 1.38MB/s]
 25%|##4       | 46.0M/185M [00:14<01:53, 1.28MB/s]
 25%|##4       | 46.2M/185M [00:14<01:46, 1.37MB/s]
 25%|##5       | 46.3M/185M [00:14<01:42, 1.42MB/s]
 25%|##5       | 46.5M/185M [00:14<01:35, 1.51MB/s]
 25%|##5       | 46.7M/185M [00:14<01:32, 1.57MB/s]
 25%|##5       | 46.8M/185M [00:14<01:35, 1.52MB/s]
 25%|##5       | 47.0M/185M [00:14<01:29, 1.61MB/s]
 26%|##5       | 47.2M/185M [00:14<01:22, 1.75MB/s]
 26%|##5       | 47.4M/185M [00:15<01:20, 1.80MB/s]
 26%|##5       | 47.6M/185M [00:15<01:15, 1.89MB/s]
 26%|##5       | 47.9M/185M [00:15<01:09, 2.05MB/s]
 26%|##6       | 48.1M/185M [00:15<01:15, 1.90MB/s]
 26%|##6       | 48.3M/185M [00:15<01:10, 2.03MB/s]
 26%|##6       | 48.5M/185M [00:15<01:09, 2.05MB/s]
 26%|##6       | 48.8M/185M [00:15<01:05, 2.18MB/s]
 27%|##6       | 49.0M/185M [00:15<01:03, 2.24MB/s]
 27%|##6       | 49.2M/185M [00:15<01:03, 2.24MB/s]
 27%|##6       | 49.5M/185M [00:16<01:02, 2.26MB/s]
 27%|##6       | 49.8M/185M [00:16<00:59, 2.37MB/s]
 27%|##7       | 50.0M/185M [00:16<01:00, 2.34MB/s]
 27%|##7       | 50.3M/185M [00:16<00:58, 2.42MB/s]
 27%|##7       | 50.6M/185M [00:16<00:57, 2.44MB/s]
 28%|##7       | 50.8M/185M [00:16<00:56, 2.46MB/s]
 28%|##7       | 51.1M/185M [00:16<00:50, 2.78MB/s]
 28%|##7       | 51.4M/185M [00:16<00:52, 2.69MB/s]
 28%|##7       | 51.7M/185M [00:16<00:51, 2.70MB/s]
 28%|##8       | 52.0M/185M [00:16<00:51, 2.72MB/s]
 28%|##8       | 52.3M/185M [00:17<00:51, 2.67MB/s]
 28%|##8       | 52.6M/185M [00:17<00:49, 2.80MB/s]
 29%|##8       | 52.9M/185M [00:17<00:50, 2.71MB/s]
 29%|##8       | 53.1M/185M [00:17<00:49, 2.76MB/s]
 29%|##8       | 53.4M/185M [00:17<00:49, 2.80MB/s]
 29%|##9       | 53.7M/185M [00:17<00:47, 2.92MB/s]
 29%|##9       | 54.0M/185M [00:17<00:45, 3.02MB/s]
 29%|##9       | 54.3M/185M [00:17<00:46, 2.93MB/s]
 30%|##9       | 54.7M/185M [00:17<00:45, 3.01MB/s]
 30%|##9       | 55.0M/185M [00:18<00:43, 3.13MB/s]
 30%|##9       | 55.3M/185M [00:18<00:42, 3.18MB/s]
 30%|###       | 55.6M/185M [00:18<00:42, 3.17MB/s]
 30%|###       | 56.0M/185M [00:18<00:42, 3.15MB/s]
 30%|###       | 56.3M/185M [00:18<00:43, 3.11MB/s]
 31%|###       | 56.6M/185M [00:18<00:41, 3.20MB/s]
 31%|###       | 57.0M/185M [00:18<00:39, 3.39MB/s]
 31%|###1      | 57.3M/185M [00:18<00:38, 3.47MB/s]
 31%|###1      | 57.7M/185M [00:18<00:37, 3.52MB/s]
 31%|###1      | 58.0M/185M [00:19<00:38, 3.44MB/s]
 32%|###1      | 58.4M/185M [00:19<00:38, 3.48MB/s]
 32%|###1      | 58.7M/185M [00:19<00:38, 3.41MB/s]
 32%|###1      | 59.1M/185M [00:19<00:37, 3.49MB/s]
 32%|###2      | 59.5M/185M [00:19<00:35, 3.70MB/s]
 32%|###2      | 59.9M/185M [00:19<00:35, 3.67MB/s]
 33%|###2      | 60.2M/185M [00:19<00:36, 3.56MB/s]
 33%|###2      | 60.6M/185M [00:19<00:36, 3.53MB/s]
 33%|###3      | 61.0M/185M [00:19<00:34, 3.72MB/s]
 33%|###3      | 61.4M/185M [00:19<00:35, 3.64MB/s]
 33%|###3      | 61.9M/185M [00:20<00:32, 3.91MB/s]
 34%|###3      | 62.3M/185M [00:20<00:31, 4.11MB/s]
 34%|###4      | 62.8M/185M [00:20<00:29, 4.38MB/s]
 34%|###4      | 63.3M/185M [00:20<00:29, 4.26MB/s]
 34%|###4      | 63.7M/185M [00:20<00:35, 3.57MB/s]
 35%|###4      | 64.0M/185M [00:20<00:38, 3.25MB/s]
 35%|###4      | 64.4M/185M [00:20<00:49, 2.54MB/s]
 35%|###4      | 64.6M/185M [00:21<01:05, 1.93MB/s]
 35%|###5      | 64.9M/185M [00:21<01:22, 1.52MB/s]
 35%|###5      | 65.0M/185M [00:21<01:28, 1.41MB/s]
 35%|###5      | 65.2M/185M [00:21<01:34, 1.32MB/s]
 35%|###5      | 65.3M/185M [00:21<01:33, 1.35MB/s]
 35%|###5      | 65.5M/185M [00:22<01:33, 1.34MB/s]
 36%|###5      | 65.6M/185M [00:22<01:33, 1.34MB/s]
 36%|###5      | 65.8M/185M [00:22<01:31, 1.36MB/s]
 36%|###5      | 65.9M/185M [00:22<01:30, 1.37MB/s]
 36%|###5      | 66.0M/185M [00:22<01:30, 1.38MB/s]
 36%|###5      | 66.2M/185M [00:22<01:34, 1.31MB/s]
 36%|###5      | 66.4M/185M [00:22<01:27, 1.42MB/s]
 36%|###6      | 66.6M/185M [00:22<01:19, 1.56MB/s]
 36%|###6      | 66.7M/185M [00:22<01:14, 1.66MB/s]
 36%|###6      | 66.9M/185M [00:23<01:13, 1.67MB/s]
 36%|###6      | 67.1M/185M [00:23<01:13, 1.67MB/s]
 36%|###6      | 67.2M/185M [00:23<01:14, 1.64MB/s]
 36%|###6      | 67.4M/185M [00:23<01:12, 1.69MB/s]
 37%|###6      | 67.6M/185M [00:23<01:09, 1.76MB/s]
 37%|###6      | 67.8M/185M [00:23<01:06, 1.85MB/s]
 37%|###6      | 68.0M/185M [00:23<01:04, 1.89MB/s]
 37%|###6      | 68.3M/185M [00:23<01:00, 2.02MB/s]
 37%|###7      | 68.5M/185M [00:23<00:59, 2.03MB/s]
 37%|###7      | 68.7M/185M [00:23<00:55, 2.17MB/s]
 37%|###7      | 68.9M/185M [00:24<00:54, 2.24MB/s]
 37%|###7      | 69.2M/185M [00:24<00:56, 2.13MB/s]
 38%|###7      | 69.4M/185M [00:24<00:54, 2.21MB/s]
 38%|###7      | 69.7M/185M [00:24<00:53, 2.25MB/s]
 38%|###7      | 69.9M/185M [00:24<00:55, 2.19MB/s]
 38%|###7      | 70.1M/185M [00:24<00:54, 2.20MB/s]
 38%|###8      | 70.4M/185M [00:24<00:49, 2.43MB/s]
 38%|###8      | 70.7M/185M [00:24<00:47, 2.50MB/s]
 38%|###8      | 71.0M/185M [00:24<00:45, 2.64MB/s]
 39%|###8      | 71.3M/185M [00:25<00:44, 2.67MB/s]
 39%|###8      | 71.6M/185M [00:25<00:43, 2.74MB/s]
 39%|###8      | 71.9M/185M [00:25<00:42, 2.77MB/s]
 39%|###9      | 72.2M/185M [00:25<00:40, 2.91MB/s]
 39%|###9      | 72.5M/185M [00:25<00:39, 2.96MB/s]
 39%|###9      | 72.8M/185M [00:25<00:40, 2.91MB/s]
 40%|###9      | 73.1M/185M [00:25<00:37, 3.08MB/s]
 40%|###9      | 73.4M/185M [00:25<00:39, 2.98MB/s]
 40%|###9      | 73.7M/185M [00:25<00:41, 2.82MB/s]
 40%|####      | 74.0M/185M [00:26<00:40, 2.89MB/s]
 40%|####      | 74.3M/185M [00:26<00:37, 3.06MB/s]
 40%|####      | 74.6M/185M [00:26<00:37, 3.11MB/s]
 41%|####      | 75.0M/185M [00:26<00:35, 3.22MB/s]
 41%|####      | 75.4M/185M [00:26<00:33, 3.39MB/s]
 41%|####1     | 75.7M/185M [00:26<00:32, 3.48MB/s]
 41%|####1     | 76.1M/185M [00:26<00:33, 3.40MB/s]
 41%|####1     | 76.4M/185M [00:26<00:32, 3.48MB/s]
 42%|####1     | 76.8M/185M [00:26<00:33, 3.39MB/s]
 42%|####1     | 77.2M/185M [00:26<00:31, 3.60MB/s]
 42%|####1     | 77.6M/185M [00:27<00:30, 3.69MB/s]
 42%|####2     | 77.9M/185M [00:27<00:31, 3.56MB/s]
 42%|####2     | 78.3M/185M [00:27<00:30, 3.66MB/s]
 43%|####2     | 78.7M/185M [00:27<00:29, 3.73MB/s]
 43%|####2     | 79.1M/185M [00:27<00:32, 3.42MB/s]
 43%|####3     | 79.5M/185M [00:27<00:29, 3.75MB/s]
 43%|####3     | 79.9M/185M [00:27<00:30, 3.55MB/s]
 43%|####3     | 80.2M/185M [00:27<00:30, 3.57MB/s]
 44%|####3     | 80.6M/185M [00:27<00:32, 3.36MB/s]
 44%|####3     | 81.1M/185M [00:28<00:29, 3.68MB/s]
 44%|####4     | 81.4M/185M [00:28<00:30, 3.58MB/s]
 44%|####4     | 81.8M/185M [00:28<00:30, 3.59MB/s]
 44%|####4     | 82.2M/185M [00:28<00:29, 3.66MB/s]
 45%|####4     | 82.6M/185M [00:28<00:28, 3.78MB/s]
 45%|####4     | 83.0M/185M [00:28<00:27, 3.83MB/s]
 45%|####5     | 83.3M/185M [00:28<00:27, 3.81MB/s]
 45%|####5     | 83.8M/185M [00:28<00:26, 4.06MB/s]
 46%|####5     | 84.2M/185M [00:28<00:25, 4.19MB/s]
 46%|####5     | 84.8M/185M [00:29<00:25, 4.15MB/s]
 46%|####6     | 85.2M/185M [00:29<00:24, 4.30MB/s]
 46%|####6     | 85.6M/185M [00:29<00:24, 4.33MB/s]
 47%|####6     | 86.1M/185M [00:29<00:25, 4.12MB/s]
 47%|####6     | 86.5M/185M [00:29<00:24, 4.19MB/s]
 47%|####7     | 87.0M/185M [00:29<00:23, 4.43MB/s]
 47%|####7     | 87.6M/185M [00:29<00:20, 4.85MB/s]
 48%|####7     | 88.2M/185M [00:29<00:19, 5.28MB/s]
 48%|####8     | 88.7M/185M [00:29<00:19, 5.16MB/s]
 48%|####8     | 89.2M/185M [00:30<00:23, 4.33MB/s]
 49%|####8     | 89.6M/185M [00:30<00:38, 2.58MB/s]
 49%|####8     | 90.0M/185M [00:30<00:58, 1.69MB/s]
 49%|####8     | 90.3M/185M [00:31<01:06, 1.48MB/s]
 49%|####8     | 90.5M/185M [00:31<01:09, 1.43MB/s]
 49%|####9     | 90.7M/185M [00:31<01:12, 1.36MB/s]
 49%|####9     | 90.8M/185M [00:31<01:11, 1.37MB/s]
 49%|####9     | 91.0M/185M [00:31<01:12, 1.36MB/s]
 49%|####9     | 91.1M/185M [00:31<01:12, 1.35MB/s]
 49%|####9     | 91.3M/185M [00:32<01:12, 1.35MB/s]
 49%|####9     | 91.4M/185M [00:32<01:09, 1.41MB/s]
 50%|####9     | 91.6M/185M [00:32<01:02, 1.56MB/s]
 50%|####9     | 91.8M/185M [00:32<00:59, 1.63MB/s]
 50%|####9     | 92.0M/185M [00:32<00:59, 1.65MB/s]
 50%|####9     | 92.2M/185M [00:32<00:57, 1.69MB/s]
 50%|####9     | 92.3M/185M [00:32<00:55, 1.74MB/s]
 50%|#####     | 92.5M/185M [00:32<00:55, 1.75MB/s]
 50%|#####     | 92.7M/185M [00:32<00:54, 1.79MB/s]
 50%|#####     | 92.9M/185M [00:32<00:54, 1.77MB/s]
 50%|#####     | 93.1M/185M [00:33<00:52, 1.82MB/s]
 51%|#####     | 93.4M/185M [00:33<00:49, 1.92MB/s]
 51%|#####     | 93.6M/185M [00:33<00:48, 1.95MB/s]
 51%|#####     | 93.8M/185M [00:33<00:44, 2.12MB/s]
 51%|#####     | 94.0M/185M [00:33<00:44, 2.11MB/s]
 51%|#####1    | 94.2M/185M [00:33<00:45, 2.10MB/s]
 51%|#####1    | 94.5M/185M [00:33<00:48, 1.94MB/s]
 51%|#####1    | 94.7M/185M [00:33<00:48, 1.94MB/s]
 51%|#####1    | 94.9M/185M [00:33<00:43, 2.16MB/s]
 52%|#####1    | 95.2M/185M [00:34<00:44, 2.11MB/s]
 52%|#####1    | 95.4M/185M [00:34<00:52, 1.80MB/s]
 52%|#####1    | 95.6M/185M [00:34<00:46, 2.00MB/s]
 52%|#####1    | 95.9M/185M [00:34<00:44, 2.11MB/s]
 52%|#####2    | 96.1M/185M [00:34<00:40, 2.28MB/s]
 52%|#####2    | 96.4M/185M [00:34<00:39, 2.37MB/s]
 52%|#####2    | 96.7M/185M [00:34<00:37, 2.45MB/s]
 52%|#####2    | 96.9M/185M [00:34<00:38, 2.42MB/s]
 53%|#####2    | 97.2M/185M [00:35<00:37, 2.44MB/s]
 53%|#####2    | 97.5M/185M [00:35<00:35, 2.57MB/s]
 53%|#####2    | 97.8M/185M [00:35<00:35, 2.57MB/s]
 53%|#####3    | 98.1M/185M [00:35<00:32, 2.79MB/s]
 53%|#####3    | 98.4M/185M [00:35<00:30, 2.95MB/s]
 53%|#####3    | 98.8M/185M [00:35<00:28, 3.20MB/s]
 54%|#####3    | 99.1M/185M [00:35<00:32, 2.75MB/s]
 54%|#####3    | 99.5M/185M [00:35<00:29, 3.00MB/s]
 54%|#####4    | 99.8M/185M [00:35<00:29, 2.98MB/s]
 54%|#####4    | 100M/185M [00:36<00:29, 3.01MB/s] 
 54%|#####4    | 100M/185M [00:36<00:28, 3.09MB/s]
 55%|#####4    | 101M/185M [00:36<00:27, 3.19MB/s]
 55%|#####4    | 101M/185M [00:36<00:26, 3.28MB/s]
 55%|#####4    | 102M/185M [00:36<00:25, 3.46MB/s]
 55%|#####5    | 102M/185M [00:36<00:25, 3.46MB/s]
 55%|#####5    | 102M/185M [00:36<00:25, 3.38MB/s]
 56%|#####5    | 103M/185M [00:36<00:24, 3.48MB/s]
 56%|#####5    | 103M/185M [00:36<00:23, 3.57MB/s]
 56%|#####5    | 103M/185M [00:36<00:22, 3.80MB/s]
 56%|#####6    | 104M/185M [00:37<00:24, 3.42MB/s]
 56%|#####6    | 104M/185M [00:37<00:22, 3.71MB/s]
 57%|#####6    | 105M/185M [00:37<00:22, 3.66MB/s]
 57%|#####6    | 105M/185M [00:37<00:22, 3.64MB/s]
 57%|#####7    | 105M/185M [00:37<00:21, 3.87MB/s]
 57%|#####7    | 106M/185M [00:37<00:21, 3.82MB/s]
 57%|#####7    | 106M/185M [00:37<00:20, 4.02MB/s]
 58%|#####7    | 107M/185M [00:37<00:20, 3.99MB/s]
 58%|#####7    | 107M/185M [00:37<00:20, 3.98MB/s]
 58%|#####8    | 107M/185M [00:38<00:21, 3.79MB/s]
 58%|#####8    | 108M/185M [00:38<00:20, 3.94MB/s]
 59%|#####8    | 108M/185M [00:38<00:20, 3.93MB/s]
 59%|#####8    | 109M/185M [00:38<00:19, 4.07MB/s]
 59%|#####9    | 109M/185M [00:38<00:20, 3.86MB/s]
 59%|#####9    | 109M/185M [00:38<00:19, 4.08MB/s]
 59%|#####9    | 110M/185M [00:38<00:18, 4.25MB/s]
 60%|#####9    | 110M/185M [00:38<00:19, 3.99MB/s]
 60%|#####9    | 111M/185M [00:38<00:19, 3.98MB/s]
 60%|######    | 111M/185M [00:39<00:18, 4.12MB/s]
 60%|######    | 112M/185M [00:39<00:17, 4.37MB/s]
 61%|######    | 112M/185M [00:39<00:17, 4.29MB/s]
 61%|######    | 112M/185M [00:39<00:18, 4.19MB/s]
 61%|######1   | 113M/185M [00:39<00:18, 4.10MB/s]
 61%|######1   | 113M/185M [00:39<00:18, 4.03MB/s]
 62%|######1   | 114M/185M [00:39<00:18, 3.98MB/s]
 62%|######1   | 114M/185M [00:39<00:17, 4.17MB/s]
 62%|######2   | 115M/185M [00:39<00:17, 4.15MB/s]
 62%|######2   | 115M/185M [00:40<00:17, 4.14MB/s]
 62%|######2   | 115M/185M [00:40<00:18, 4.00MB/s]
 63%|######2   | 116M/185M [00:40<00:17, 4.06MB/s]
 63%|######2   | 116M/185M [00:40<00:17, 4.11MB/s]
 63%|######3   | 117M/185M [00:40<00:18, 3.96MB/s]
 63%|######3   | 117M/185M [00:40<00:17, 3.95MB/s]
 64%|######3   | 117M/185M [00:40<00:17, 4.11MB/s]
 64%|######3   | 118M/185M [00:40<00:16, 4.26MB/s]
 64%|######4   | 118M/185M [00:40<00:17, 4.09MB/s]
 64%|######4   | 119M/185M [00:40<00:15, 4.37MB/s]
 65%|######4   | 119M/185M [00:41<00:18, 3.75MB/s]
 65%|######4   | 120M/185M [00:41<00:16, 4.23MB/s]
 65%|######5   | 120M/185M [00:41<00:17, 3.90MB/s]
 65%|######5   | 121M/185M [00:41<00:17, 3.95MB/s]
 65%|######5   | 121M/185M [00:41<00:18, 3.71MB/s]
 66%|######5   | 121M/185M [00:41<00:18, 3.55MB/s]
 66%|######5   | 122M/185M [00:41<00:18, 3.53MB/s]
 66%|######6   | 122M/185M [00:41<00:19, 3.39MB/s]
 66%|######6   | 122M/185M [00:42<00:18, 3.51MB/s]
 66%|######6   | 123M/185M [00:42<00:19, 3.41MB/s]
 67%|######6   | 123M/185M [00:42<00:18, 3.54MB/s]
 67%|######6   | 124M/185M [00:42<00:16, 3.85MB/s]
 67%|######7   | 124M/185M [00:42<00:15, 4.02MB/s]
 67%|######7   | 124M/185M [00:42<00:18, 3.44MB/s]
 68%|######7   | 125M/185M [00:42<00:19, 3.17MB/s]
 68%|######7   | 125M/185M [00:42<00:19, 3.18MB/s]
 68%|######7   | 125M/185M [00:43<00:20, 3.01MB/s]
 68%|######8   | 126M/185M [00:43<00:20, 2.95MB/s]
 68%|######8   | 126M/185M [00:43<00:20, 3.00MB/s]
 68%|######8   | 126M/185M [00:43<00:21, 2.92MB/s]
 69%|######8   | 127M/185M [00:43<00:22, 2.69MB/s]
 69%|######8   | 127M/185M [00:43<00:21, 2.87MB/s]
 69%|######8   | 127M/185M [00:43<00:20, 2.89MB/s]
 69%|######9   | 127M/185M [00:43<00:20, 2.94MB/s]
 69%|######9   | 128M/185M [00:43<00:18, 3.20MB/s]
 69%|######9   | 128M/185M [00:43<00:18, 3.15MB/s]
 70%|######9   | 129M/185M [00:44<00:17, 3.39MB/s]
 70%|######9   | 129M/185M [00:44<00:19, 3.04MB/s]
 70%|######9   | 129M/185M [00:44<00:17, 3.26MB/s]
 70%|#######   | 130M/185M [00:44<00:18, 3.14MB/s]
 70%|#######   | 130M/185M [00:44<00:17, 3.24MB/s]
 71%|#######   | 130M/185M [00:44<00:16, 3.36MB/s]
 71%|#######   | 131M/185M [00:44<00:16, 3.52MB/s]
 71%|#######   | 131M/185M [00:44<00:15, 3.63MB/s]
 71%|#######1  | 131M/185M [00:44<00:15, 3.67MB/s]
 71%|#######1  | 132M/185M [00:45<00:14, 3.75MB/s]
 72%|#######1  | 132M/185M [00:45<00:14, 3.90MB/s]
 72%|#######1  | 133M/185M [00:45<00:13, 3.91MB/s]
 72%|#######2  | 133M/185M [00:45<00:15, 3.61MB/s]
 72%|#######2  | 133M/185M [00:45<00:14, 3.60MB/s]
 72%|#######2  | 134M/185M [00:45<00:16, 3.17MB/s]
 73%|#######2  | 134M/185M [00:45<00:17, 2.99MB/s]
 73%|#######2  | 134M/185M [00:45<00:16, 3.11MB/s]
 73%|#######2  | 135M/185M [00:46<00:16, 3.15MB/s]
 73%|#######3  | 135M/185M [00:46<00:15, 3.30MB/s]
 73%|#######3  | 135M/185M [00:46<00:15, 3.32MB/s]
 74%|#######3  | 136M/185M [00:46<00:14, 3.53MB/s]
 74%|#######3  | 136M/185M [00:46<00:13, 3.73MB/s]
 74%|#######3  | 137M/185M [00:46<00:13, 3.70MB/s]
 74%|#######4  | 137M/185M [00:46<00:12, 3.98MB/s]
 74%|#######4  | 137M/185M [00:46<00:12, 3.94MB/s]
 75%|#######4  | 138M/185M [00:46<00:12, 3.94MB/s]
 75%|#######4  | 138M/185M [00:46<00:12, 3.80MB/s]
 75%|#######5  | 139M/185M [00:47<00:12, 3.84MB/s]
 75%|#######5  | 139M/185M [00:47<00:12, 3.98MB/s]
 75%|#######5  | 139M/185M [00:47<00:12, 3.74MB/s]
 76%|#######5  | 140M/185M [00:47<00:13, 3.44MB/s]
 76%|#######5  | 140M/185M [00:47<00:13, 3.47MB/s]
 76%|#######6  | 141M/185M [00:47<00:12, 3.67MB/s]
 76%|#######6  | 141M/185M [00:47<00:12, 3.54MB/s]
 77%|#######6  | 141M/185M [00:47<00:13, 3.50MB/s]
 77%|#######6  | 142M/185M [00:47<00:12, 3.56MB/s]
 77%|#######6  | 142M/185M [00:48<00:12, 3.69MB/s]
 77%|#######7  | 143M/185M [00:48<00:11, 3.81MB/s]
 77%|#######7  | 143M/185M [00:48<00:11, 3.74MB/s]
 78%|#######7  | 143M/185M [00:48<00:12, 3.50MB/s]
 78%|#######7  | 144M/185M [00:48<00:12, 3.55MB/s]
 78%|#######7  | 144M/185M [00:48<00:12, 3.45MB/s]
 78%|#######8  | 144M/185M [00:48<00:12, 3.42MB/s]
 78%|#######8  | 145M/185M [00:48<00:12, 3.40MB/s]
 79%|#######8  | 145M/185M [00:48<00:11, 3.58MB/s]
 79%|#######8  | 145M/185M [00:49<00:13, 3.17MB/s]
 79%|#######8  | 146M/185M [00:49<00:12, 3.38MB/s]
 79%|#######9  | 146M/185M [00:49<00:12, 3.37MB/s]
 79%|#######9  | 146M/185M [00:49<00:12, 3.16MB/s]
 80%|#######9  | 147M/185M [00:49<00:11, 3.42MB/s]
 80%|#######9  | 147M/185M [00:49<00:10, 3.59MB/s]
 80%|#######9  | 148M/185M [00:49<00:10, 3.53MB/s]
 80%|########  | 148M/185M [00:49<00:10, 3.63MB/s]
 80%|########  | 148M/185M [00:49<00:10, 3.77MB/s]
 81%|########  | 149M/185M [00:50<00:09, 3.90MB/s]
 81%|########  | 149M/185M [00:50<00:09, 4.03MB/s]
 81%|########1 | 150M/185M [00:50<00:09, 3.95MB/s]
 81%|########1 | 150M/185M [00:50<00:10, 3.61MB/s]
 81%|########1 | 150M/185M [00:50<00:10, 3.45MB/s]
 82%|########1 | 151M/185M [00:50<00:10, 3.45MB/s]
 82%|########1 | 151M/185M [00:50<00:10, 3.24MB/s]
 82%|########2 | 151M/185M [00:50<00:11, 3.16MB/s]
 82%|########2 | 152M/185M [00:51<00:11, 3.05MB/s]
 82%|########2 | 152M/185M [00:51<00:11, 2.96MB/s]
 82%|########2 | 152M/185M [00:51<00:11, 2.97MB/s]
 83%|########2 | 153M/185M [00:51<00:11, 2.93MB/s]
 83%|########2 | 153M/185M [00:51<00:11, 2.92MB/s]
 83%|########3 | 153M/185M [00:51<00:10, 3.19MB/s]
 83%|########3 | 154M/185M [00:51<00:09, 3.42MB/s]
 83%|########3 | 154M/185M [00:51<00:09, 3.47MB/s]
 84%|########3 | 154M/185M [00:51<00:09, 3.41MB/s]
 84%|########3 | 155M/185M [00:51<00:08, 3.49MB/s]
 84%|########3 | 155M/185M [00:52<00:08, 3.60MB/s]
 84%|########4 | 156M/185M [00:52<00:08, 3.67MB/s]
 84%|########4 | 156M/185M [00:52<00:07, 3.78MB/s]
 85%|########4 | 156M/185M [00:52<00:08, 3.64MB/s]
 85%|########4 | 157M/185M [00:52<00:07, 3.73MB/s]
 85%|########5 | 157M/185M [00:52<00:07, 3.82MB/s]
 85%|########5 | 157M/185M [00:52<00:07, 3.70MB/s]
 85%|########5 | 158M/185M [00:52<00:07, 3.86MB/s]
 86%|########5 | 158M/185M [00:52<00:06, 3.98MB/s]
 86%|########5 | 159M/185M [00:53<00:06, 4.09MB/s]
 86%|########6 | 159M/185M [00:53<00:08, 3.05MB/s]
 86%|########6 | 159M/185M [00:53<00:10, 2.60MB/s]
 86%|########6 | 160M/185M [00:53<00:10, 2.43MB/s]
 87%|########6 | 160M/185M [00:53<00:11, 2.36MB/s]
 87%|########6 | 160M/185M [00:53<00:11, 2.24MB/s]
 87%|########6 | 160M/185M [00:53<00:11, 2.15MB/s]
 87%|########6 | 161M/185M [00:54<00:11, 2.20MB/s]
 87%|########7 | 161M/185M [00:54<00:10, 2.27MB/s]
 87%|########7 | 161M/185M [00:54<00:10, 2.25MB/s]
 87%|########7 | 161M/185M [00:54<00:10, 2.25MB/s]
 88%|########7 | 162M/185M [00:54<00:09, 2.43MB/s]
 88%|########7 | 162M/185M [00:54<00:10, 2.36MB/s]
 88%|########7 | 162M/185M [00:54<00:09, 2.49MB/s]
 88%|########7 | 162M/185M [00:54<00:09, 2.57MB/s]
 88%|########8 | 163M/185M [00:54<00:08, 2.66MB/s]
 88%|########8 | 163M/185M [00:55<00:08, 2.58MB/s]
 88%|########8 | 163M/185M [00:55<00:08, 2.54MB/s]
 89%|########8 | 164M/185M [00:55<00:08, 2.75MB/s]
 89%|########8 | 164M/185M [00:55<00:08, 2.72MB/s]
 89%|########8 | 164M/185M [00:55<00:07, 2.78MB/s]
 89%|########9 | 164M/185M [00:55<00:07, 2.94MB/s]
 89%|########9 | 165M/185M [00:55<00:07, 2.94MB/s]
 89%|########9 | 165M/185M [00:55<00:06, 2.99MB/s]
 90%|########9 | 165M/185M [00:55<00:06, 3.02MB/s]
 90%|########9 | 166M/185M [00:55<00:06, 3.06MB/s]
 90%|########9 | 166M/185M [00:56<00:06, 3.20MB/s]
 90%|######### | 166M/185M [00:56<00:05, 3.40MB/s]
 90%|######### | 167M/185M [00:56<00:05, 3.48MB/s]
 91%|######### | 167M/185M [00:56<00:05, 3.64MB/s]
 91%|######### | 168M/185M [00:56<00:05, 3.57MB/s]
 91%|######### | 168M/185M [00:56<00:04, 3.74MB/s]
 91%|#########1| 168M/185M [00:56<00:04, 3.63MB/s]
 91%|#########1| 169M/185M [00:56<00:04, 3.56MB/s]
 92%|#########1| 169M/185M [00:56<00:04, 3.59MB/s]
 92%|#########1| 169M/185M [00:57<00:04, 3.71MB/s]
 92%|#########1| 170M/185M [00:57<00:04, 3.60MB/s]
 92%|#########2| 170M/185M [00:57<00:04, 3.44MB/s]
 92%|#########2| 171M/185M [00:57<00:04, 3.43MB/s]
 93%|#########2| 171M/185M [00:57<00:03, 3.68MB/s]
 93%|#########2| 171M/185M [00:57<00:04, 3.38MB/s]
 93%|#########2| 172M/185M [00:57<00:03, 3.47MB/s]
 93%|#########3| 172M/185M [00:57<00:03, 3.72MB/s]
 93%|#########3| 173M/185M [00:57<00:03, 3.66MB/s]
 94%|#########3| 173M/185M [00:58<00:03, 3.88MB/s]
 94%|#########3| 173M/185M [00:58<00:03, 3.89MB/s]
 94%|#########4| 174M/185M [00:58<00:02, 4.03MB/s]
 94%|#########4| 174M/185M [00:58<00:02, 3.92MB/s]
 95%|#########4| 175M/185M [00:58<00:02, 4.08MB/s]
 95%|#########4| 175M/185M [00:58<00:02, 4.35MB/s]
 95%|#########5| 176M/185M [00:58<00:02, 4.34MB/s]
 95%|#########5| 176M/185M [00:58<00:02, 4.46MB/s]
 96%|#########5| 177M/185M [00:58<00:02, 4.21MB/s]
 96%|#########5| 177M/185M [00:59<00:01, 4.31MB/s]
 96%|#########6| 177M/185M [00:59<00:01, 4.30MB/s]
 96%|#########6| 178M/185M [00:59<00:01, 4.35MB/s]
 97%|#########6| 178M/185M [00:59<00:01, 4.42MB/s]
 97%|#########6| 179M/185M [00:59<00:01, 4.33MB/s]
 97%|#########7| 179M/185M [00:59<00:01, 4.24MB/s]
 97%|#########7| 180M/185M [00:59<00:01, 4.41MB/s]
 97%|#########7| 180M/185M [00:59<00:01, 4.40MB/s]
 98%|#########7| 180M/185M [00:59<00:01, 4.06MB/s]
 98%|#########7| 181M/185M [01:00<00:00, 4.19MB/s]
 98%|#########8| 181M/185M [01:00<00:00, 4.51MB/s]
 99%|#########8| 182M/185M [01:00<00:00, 4.92MB/s]
 99%|#########8| 183M/185M [01:00<00:00, 5.12MB/s]
 99%|#########9| 183M/185M [01:00<00:00, 5.14MB/s]
 99%|#########9| 184M/185M [01:00<00:00, 5.10MB/s]
100%|#########9| 184M/185M [01:00<00:00, 5.16MB/s]
100%|#########9| 185M/185M [01:00<00:00, 4.78MB/s]
100%|##########| 185M/185M [01:00<00:00, 3.19MB/s]
Traceback (most recent call last):
  File "D:\Apps\Smart News Marathi\backend\SadTalker\inference.py", line 144, in <module>
    main(args)
  File "D:\Apps\Smart News Marathi\backend\SadTalker\inference.py", line 36, in main
    preprocess_model = CropAndExtract(sadtalker_paths, device)
  File "D:\Apps\Smart News Marathi\backend\SadTalker\src\utils\preprocess.py", line 53, in __init__
    checkpoint = safetensors.torch.load_file(sadtalker_path['checkpoint'])    
  File "D:\Apps\Smart News Marathi\backend\venv\lib\site-packages\safetensors\torch.py", line 336, in load_file
    with safe_open(filename, framework="pt", device=device) as f:
FileNotFoundError: No such file or directory: ./checkpoints\SadTalker_V0.0.2_256.safetensors
